06/08/2021 02:21:53 PM: INFO: ***************************Test_002_Ingest*************************
06/08/2021 02:22:10 PM: INFO: ***************************Test_002_Ingest*************************
06/08/2021 02:22:14 PM: INFO: ***************************Test_002_Ingest*************************
06/08/2021 02:22:19 PM: INFO: ***************************Test_002_Ingest*************************
06/08/2021 02:22:24 PM: INFO: ***************************Test_002_Ingest*************************
06/08/2021 02:22:29 PM: INFO: ***************************Test_002_Ingest*************************
06/08/2021 02:22:33 PM: INFO: ***************************Test_002_Ingest*************************
06/08/2021 02:22:36 PM: INFO: ***************************Test_002_Ingest*************************
06/08/2021 02:22:46 PM: INFO: ***************************Test_002_Ingest*************************
06/08/2021 02:22:51 PM: INFO: ***************************Test_002_Ingest*************************
06/08/2021 02:24:18 PM: INFO: ***************************Test_002_Ingest*************************
06/08/2021 02:25:10 PM: INFO: ***************************Cleanse Function*************************
06/08/2021 02:25:33 PM: INFO: ***************************Cleanse Arithmatic Function *************************
06/08/2021 02:25:59 PM: INFO: ***************************Cleanse Arithmatic Addition *************************
06/08/2021 02:26:35 PM: INFO: ***************************Cleanse Arithmatic Addition Validation *************************
06/08/2021 02:26:36 PM: INFO: ***************************Cleanse Arithmatic Addition Passed *************************
06/08/2021 02:26:36 PM: INFO: ***************************Cleanse Arithmatic Addition Passed *************************
06/08/2021 02:26:36 PM: INFO: ***************************Cleanse Arithmatic Addition Passed *************************
06/08/2021 02:26:36 PM: INFO: ***************************Cleanse Arithmatic Addition Passed *************************
06/08/2021 02:26:36 PM: INFO: ***************************Cleanse Arithmatic Addition Passed *************************
06/08/2021 02:26:36 PM: INFO: ***************************Cleanse Arithmatic Addition Passed *************************
06/08/2021 02:26:36 PM: INFO: ***************************Cleanse Arithmatic Addition Passed *************************
06/08/2021 02:26:36 PM: INFO: ***************************Cleanse Arithmatic Addition Passed *************************
06/08/2021 02:26:37 PM: INFO: ***************************Cleanse Arithmatic Addition Passed *************************
06/08/2021 02:26:37 PM: INFO: ***************************Cleanse Arithmatic Addition Passed *************************
06/08/2021 02:26:37 PM: INFO: ***************************Cleanse Arithmatic Addition Passed *************************
06/08/2021 02:26:37 PM: INFO: ***************************Cleanse Arithmatic Addition Passed *************************
06/08/2021 02:26:37 PM: INFO: ***************************Cleanse Arithmatic Addition Passed *************************
06/08/2021 02:26:37 PM: INFO: ***************************Cleanse Arithmatic Addition Passed *************************
06/08/2021 02:26:37 PM: INFO: ***************************Cleanse Arithmatic Addition Passed *************************
06/08/2021 02:26:37 PM: INFO: ***************************Cleanse Arithmatic Addition Passed *************************
06/08/2021 02:26:37 PM: INFO: ***************************Cleanse Arithmatic Addition Passed *************************
06/08/2021 02:26:38 PM: INFO: ***************************Cleanse Arithmatic Addition Passed *************************
06/08/2021 02:26:38 PM: INFO: ***************************Cleanse Arithmatic Addition Passed *************************
06/08/2021 02:26:38 PM: INFO: ***************************Cleanse Arithmatic Addition Passed *************************
06/08/2021 02:26:43 PM: INFO: ***********************FormQuery Function Copy****************
06/08/2021 02:26:55 PM: INFO: ***********************FormQuery Validation****************
06/08/2021 02:26:55 PM: INFO: ***********************Cleanse Function ****************
06/08/2021 02:27:20 PM: INFO: ***************************Test_002_Ingest*************************
06/08/2021 02:28:21 PM: INFO: ***************************Cleanse Function*************************
06/08/2021 02:28:44 PM: INFO: ***************************Cleanse Arithmatic Function *************************
06/08/2021 02:29:12 PM: INFO: ***************************Cleanse Arithmatic Subtraction *************************
06/08/2021 02:29:37 PM: INFO: ***************************Cleanse Arithmatic Subtraction  Validation*************************
06/08/2021 02:29:38 PM: INFO: ***************************Cleanse Arithmatic Subtraction Passed *************************
06/08/2021 02:29:38 PM: INFO: ***************************Cleanse Arithmatic Subtraction Passed *************************
06/08/2021 02:29:38 PM: INFO: ***************************Cleanse Arithmatic Subtraction Passed *************************
06/08/2021 02:29:38 PM: INFO: ***************************Cleanse Arithmatic Subtraction Passed *************************
06/08/2021 02:29:38 PM: INFO: ***************************Cleanse Arithmatic Subtraction Passed *************************
06/08/2021 02:29:38 PM: INFO: ***************************Cleanse Arithmatic Subtraction Passed *************************
06/08/2021 02:29:38 PM: INFO: ***************************Cleanse Arithmatic Subtraction Passed *************************
06/08/2021 02:29:38 PM: INFO: ***************************Cleanse Arithmatic Subtraction Passed *************************
06/08/2021 02:29:38 PM: INFO: ***************************Cleanse Arithmatic Subtraction Passed *************************
06/08/2021 02:29:38 PM: INFO: ***************************Cleanse Arithmatic Subtraction Passed *************************
06/08/2021 02:29:39 PM: INFO: ***************************Cleanse Arithmatic Subtraction Passed *************************
06/08/2021 02:29:39 PM: INFO: ***************************Cleanse Arithmatic Subtraction Passed *************************
06/08/2021 02:29:39 PM: INFO: ***************************Cleanse Arithmatic Subtraction Passed *************************
06/08/2021 02:29:39 PM: INFO: ***************************Cleanse Arithmatic Subtraction Passed *************************
06/08/2021 02:29:39 PM: INFO: ***************************Cleanse Arithmatic Subtraction Passed *************************
06/08/2021 02:29:39 PM: INFO: ***************************Cleanse Arithmatic Subtraction Passed *************************
06/08/2021 02:29:39 PM: INFO: ***************************Cleanse Arithmatic Subtraction Passed *************************
06/08/2021 02:29:39 PM: INFO: ***************************Cleanse Arithmatic Subtraction Passed *************************
06/08/2021 02:29:39 PM: INFO: ***************************Cleanse Arithmatic Subtraction Passed *************************
06/08/2021 02:29:40 PM: INFO: ***************************Cleanse Arithmatic Subtraction Passed *************************
06/08/2021 02:29:45 PM: INFO: ***********************FormQuery Function Copy****************
06/08/2021 02:29:57 PM: INFO: ***********************FormQuery Validation****************
06/08/2021 02:29:57 PM: INFO: ***********************Cleanse Function ****************
06/08/2021 02:30:25 PM: INFO: ***************************Arithmatic Cleanse Validation *************************
06/08/2021 02:41:54 PM: INFO: ***************************Test_002_Ingest*************************
06/08/2021 02:42:56 PM: INFO: ***************************Cleanse Function*************************
06/08/2021 02:43:20 PM: INFO: ***************************Cleanse Arithmatic Function *************************
06/08/2021 02:43:47 PM: INFO: ***************************Cleanse Arithmatic Addition *************************
06/08/2021 02:44:23 PM: INFO: ***************************Cleanse Arithmatic Addition Validation *************************
06/08/2021 02:44:23 PM: INFO: ***************************Cleanse Arithmatic Addition Passed *************************
06/08/2021 02:44:23 PM: INFO: ***************************Cleanse Arithmatic Addition Passed *************************
06/08/2021 02:44:23 PM: INFO: ***************************Cleanse Arithmatic Addition Passed *************************
06/08/2021 02:44:23 PM: INFO: ***************************Cleanse Arithmatic Addition Passed *************************
06/08/2021 02:44:23 PM: INFO: ***************************Cleanse Arithmatic Addition Passed *************************
06/08/2021 02:44:24 PM: INFO: ***************************Cleanse Arithmatic Addition Passed *************************
06/08/2021 02:44:24 PM: INFO: ***************************Cleanse Arithmatic Addition Passed *************************
06/08/2021 02:44:24 PM: INFO: ***************************Cleanse Arithmatic Addition Passed *************************
06/08/2021 02:44:25 PM: INFO: ***************************Cleanse Arithmatic Addition Passed *************************
06/08/2021 02:44:25 PM: INFO: ***************************Cleanse Arithmatic Addition Passed *************************
06/08/2021 02:44:25 PM: INFO: ***************************Cleanse Arithmatic Addition Passed *************************
06/08/2021 02:44:25 PM: INFO: ***************************Cleanse Arithmatic Addition Passed *************************
06/08/2021 02:44:25 PM: INFO: ***************************Cleanse Arithmatic Addition Passed *************************
06/08/2021 02:44:25 PM: INFO: ***************************Cleanse Arithmatic Addition Passed *************************
06/08/2021 02:44:25 PM: INFO: ***************************Cleanse Arithmatic Addition Passed *************************
06/08/2021 02:44:26 PM: INFO: ***************************Cleanse Arithmatic Addition Passed *************************
06/08/2021 02:44:26 PM: INFO: ***************************Cleanse Arithmatic Addition Passed *************************
06/08/2021 02:44:26 PM: INFO: ***************************Cleanse Arithmatic Addition Passed *************************
06/08/2021 02:44:26 PM: INFO: ***************************Cleanse Arithmatic Addition Passed *************************
06/08/2021 02:44:26 PM: INFO: ***************************Cleanse Arithmatic Addition Passed *************************
06/08/2021 02:44:31 PM: INFO: ***********************FormQuery Function Copy****************
06/08/2021 02:44:44 PM: INFO: ***********************FormQuery Validation****************
06/08/2021 02:44:44 PM: INFO: ***********************Cleanse Function ****************
06/08/2021 02:45:12 PM: INFO: ***************************Arithmatic Cleanse Validation *************************
06/08/2021 02:45:28 PM: INFO: ***************************Arithmatic Cleanse Passed *************************
06/08/2021 02:45:32 PM: INFO: ***************************Test_002_Ingest*************************
06/08/2021 02:46:41 PM: INFO: ***************************Cleanse Function*************************
06/08/2021 02:47:05 PM: INFO: ***************************Cleanse Arithmatic Function *************************
06/08/2021 02:47:31 PM: INFO: ***************************Cleanse Arithmatic Subtraction *************************
06/08/2021 02:47:57 PM: INFO: ***************************Cleanse Arithmatic Subtraction  Validation*************************
06/08/2021 02:47:57 PM: INFO: ***************************Cleanse Arithmatic Subtraction Passed *************************
06/08/2021 02:47:57 PM: INFO: ***************************Cleanse Arithmatic Subtraction Passed *************************
06/08/2021 02:47:58 PM: INFO: ***************************Cleanse Arithmatic Subtraction Passed *************************
06/08/2021 02:47:58 PM: INFO: ***************************Cleanse Arithmatic Subtraction Passed *************************
06/08/2021 02:47:58 PM: INFO: ***************************Cleanse Arithmatic Subtraction Passed *************************
06/08/2021 02:47:58 PM: INFO: ***************************Cleanse Arithmatic Subtraction Passed *************************
06/08/2021 02:47:58 PM: INFO: ***************************Cleanse Arithmatic Subtraction Passed *************************
06/08/2021 02:47:58 PM: INFO: ***************************Cleanse Arithmatic Subtraction Passed *************************
06/08/2021 02:47:58 PM: INFO: ***************************Cleanse Arithmatic Subtraction Passed *************************
06/08/2021 02:47:58 PM: INFO: ***************************Cleanse Arithmatic Subtraction Passed *************************
06/08/2021 02:47:58 PM: INFO: ***************************Cleanse Arithmatic Subtraction Passed *************************
06/08/2021 02:47:59 PM: INFO: ***************************Cleanse Arithmatic Subtraction Passed *************************
06/08/2021 02:47:59 PM: INFO: ***************************Cleanse Arithmatic Subtraction Passed *************************
06/08/2021 02:47:59 PM: INFO: ***************************Cleanse Arithmatic Subtraction Passed *************************
06/08/2021 02:47:59 PM: INFO: ***************************Cleanse Arithmatic Subtraction Passed *************************
06/08/2021 02:47:59 PM: INFO: ***************************Cleanse Arithmatic Subtraction Passed *************************
06/08/2021 02:47:59 PM: INFO: ***************************Cleanse Arithmatic Subtraction Passed *************************
06/08/2021 02:47:59 PM: INFO: ***************************Cleanse Arithmatic Subtraction Passed *************************
06/08/2021 02:47:59 PM: INFO: ***************************Cleanse Arithmatic Subtraction Passed *************************
06/08/2021 02:47:59 PM: INFO: ***************************Cleanse Arithmatic Subtraction Passed *************************
06/08/2021 02:48:05 PM: INFO: ***********************FormQuery Function Copy****************
06/08/2021 02:48:17 PM: INFO: ***********************FormQuery Validation****************
06/08/2021 02:48:17 PM: INFO: ***********************Cleanse Function ****************
06/08/2021 02:48:45 PM: INFO: ***************************Arithmatic Cleanse Validation *************************
06/08/2021 02:49:00 PM: INFO: ***************************SUB Arithmatic Cleanse Passed *************************
06/08/2021 02:49:02 PM: INFO: ***************************Test_002_Ingest*************************
06/08/2021 02:49:51 PM: INFO: ***************************Cleanse Function*************************
06/08/2021 02:54:35 PM: INFO: ***************************Test_002_Ingest*************************
06/08/2021 02:55:36 PM: INFO: ***************************Cleanse Function*************************
06/08/2021 02:55:59 PM: INFO: ***************************Cleanse Arithmatic Function *************************
06/08/2021 02:56:26 PM: INFO: ***************************Cleanse Arithmatic Divide *************************
06/08/2021 02:56:52 PM: INFO: ***************************Cleanse Arithmatic Division Validation*************************
06/08/2021 02:56:52 PM: INFO: ***************************Cleanse Arithmatic Division Passed *************************
06/08/2021 02:56:52 PM: INFO: ***************************Cleanse Arithmatic Division Passed *************************
06/08/2021 02:56:52 PM: INFO: ***************************Cleanse Arithmatic Division Passed *************************
06/08/2021 02:56:52 PM: INFO: ***************************Cleanse Arithmatic Division Passed *************************
06/08/2021 02:56:52 PM: INFO: ***************************Cleanse Arithmatic Division Passed *************************
06/08/2021 02:56:53 PM: INFO: ***************************Cleanse Arithmatic Division Passed *************************
06/08/2021 02:56:53 PM: INFO: ***************************Cleanse Arithmatic Division Passed *************************
06/08/2021 02:56:53 PM: INFO: ***************************Cleanse Arithmatic Division Passed *************************
06/08/2021 02:56:53 PM: INFO: ***************************Cleanse Arithmatic Division Passed *************************
06/08/2021 02:56:53 PM: INFO: ***************************Cleanse Arithmatic Division Passed *************************
06/08/2021 02:56:53 PM: INFO: ***************************Cleanse Arithmatic Division Passed *************************
06/08/2021 02:56:53 PM: INFO: ***************************Cleanse Arithmatic Division Passed *************************
06/08/2021 02:56:53 PM: INFO: ***************************Cleanse Arithmatic Division Passed *************************
06/08/2021 02:56:54 PM: INFO: ***************************Cleanse Arithmatic Division Passed *************************
06/08/2021 02:56:54 PM: INFO: ***************************Cleanse Arithmatic Division Passed *************************
06/08/2021 02:56:54 PM: INFO: ***************************Cleanse Arithmatic Division Passed *************************
06/08/2021 02:56:54 PM: INFO: ***************************Cleanse Arithmatic Division Passed *************************
06/08/2021 02:56:54 PM: INFO: ***************************Cleanse Arithmatic Division Passed *************************
06/08/2021 02:56:54 PM: INFO: ***************************Cleanse Arithmatic Division Passed *************************
06/08/2021 02:56:54 PM: INFO: ***************************Cleanse Arithmatic Division Passed *************************
06/08/2021 02:57:04 PM: INFO: ***************************Cleanse Arithmatic Function *************************
06/08/2021 02:57:30 PM: INFO: ***************************Cleanse Arithmatic Modulus Validation *************************
06/08/2021 02:57:31 PM: INFO: ***************************Cleanse Arithmatic Modulus Passed *************************
06/08/2021 03:01:25 PM: INFO: ***************************Test_002_Ingest*************************
06/08/2021 03:02:19 PM: INFO: ***************************Cleanse Function*************************
06/08/2021 03:02:42 PM: INFO: ***************************Cleanse Arithmatic Function *************************
06/08/2021 03:03:09 PM: INFO: ***************************Cleanse Arithmatic Divide *************************
06/08/2021 03:03:35 PM: INFO: ***************************Cleanse Arithmatic Division Validation*************************
06/08/2021 03:03:35 PM: INFO: ***************************Cleanse Arithmatic Division Passed *************************
06/08/2021 03:03:35 PM: INFO: ***************************Cleanse Arithmatic Division Passed *************************
06/08/2021 03:03:35 PM: INFO: ***************************Cleanse Arithmatic Division Passed *************************
06/08/2021 03:03:35 PM: INFO: ***************************Cleanse Arithmatic Division Passed *************************
06/08/2021 03:03:35 PM: INFO: ***************************Cleanse Arithmatic Division Passed *************************
06/08/2021 03:03:36 PM: INFO: ***************************Cleanse Arithmatic Division Passed *************************
06/08/2021 03:03:36 PM: INFO: ***************************Cleanse Arithmatic Division Passed *************************
06/08/2021 03:03:36 PM: INFO: ***************************Cleanse Arithmatic Division Passed *************************
06/08/2021 03:03:36 PM: INFO: ***************************Cleanse Arithmatic Division Passed *************************
06/08/2021 03:03:36 PM: INFO: ***************************Cleanse Arithmatic Division Passed *************************
06/08/2021 03:03:36 PM: INFO: ***************************Cleanse Arithmatic Division Passed *************************
06/08/2021 03:03:36 PM: INFO: ***************************Cleanse Arithmatic Division Passed *************************
06/08/2021 03:03:36 PM: INFO: ***************************Cleanse Arithmatic Division Passed *************************
06/08/2021 03:03:36 PM: INFO: ***************************Cleanse Arithmatic Division Passed *************************
06/08/2021 03:03:37 PM: INFO: ***************************Cleanse Arithmatic Division Passed *************************
06/08/2021 03:03:37 PM: INFO: ***************************Cleanse Arithmatic Division Passed *************************
06/08/2021 03:03:37 PM: INFO: ***************************Cleanse Arithmatic Division Passed *************************
06/08/2021 03:03:37 PM: INFO: ***************************Cleanse Arithmatic Division Passed *************************
06/08/2021 03:03:37 PM: INFO: ***************************Cleanse Arithmatic Division Passed *************************
06/08/2021 03:03:37 PM: INFO: ***************************Cleanse Arithmatic Division Passed *************************
06/08/2021 03:03:42 PM: INFO: ***********************FormQuery Function Copy****************
06/08/2021 03:03:55 PM: INFO: ***********************FormQuery Validation****************
06/08/2021 03:03:55 PM: INFO: ***********************Cleanse Function ****************
06/08/2021 03:04:22 PM: INFO: ***************************Arithmatic Cleanse Validation *************************
06/08/2021 03:04:38 PM: INFO: ***************************Div Arithmatic Cleanse Passed *************************
06/08/2021 03:06:42 PM: INFO: ***************************Test_002_Ingest*************************
06/08/2021 03:07:31 PM: INFO: ***************************Cleanse Function*************************
06/08/2021 03:07:55 PM: INFO: ***************************Cleanse Arithmatic Function *************************
06/08/2021 03:08:21 PM: INFO: ***************************Cleanse Arithmatic Divide *************************
06/08/2021 03:08:47 PM: INFO: ***************************Cleanse Arithmatic Modulus Validation *************************
06/08/2021 03:08:48 PM: ERROR: ***************************Cleanse Arithmatic Modulus Failed *************************
06/08/2021 03:10:40 PM: INFO: ***************************Test_002_Ingest*************************
06/08/2021 03:12:02 PM: INFO: ***************************Test_002_Ingest*************************
06/08/2021 03:13:04 PM: INFO: ***************************Cleanse Function*************************
06/08/2021 03:13:27 PM: INFO: ***************************Cleanse Arithmatic Function *************************
06/08/2021 03:13:53 PM: INFO: ***************************Cleanse Arithmatic Divide *************************
06/08/2021 03:14:19 PM: INFO: ***************************Cleanse Arithmatic Modulus Validation *************************
06/08/2021 03:14:20 PM: ERROR: ***************************Cleanse Arithmatic Modulus Failed *************************
06/08/2021 03:18:16 PM: INFO: ***************************Test_002_Ingest*************************
06/08/2021 03:19:16 PM: INFO: ***************************Cleanse Function*************************
06/08/2021 03:19:39 PM: INFO: ***************************Cleanse Arithmatic Function *************************
06/08/2021 03:20:06 PM: INFO: ***************************Cleanse Arithmatic Divide *************************
06/08/2021 03:20:31 PM: INFO: ***************************Cleanse Arithmatic Modulus Validation *************************
06/08/2021 03:20:32 PM: ERROR: ***************************Cleanse Arithmatic Modulus Failed *************************
06/08/2021 03:21:39 PM: INFO: ***************************Test_002_Ingest*************************
06/08/2021 03:22:32 PM: INFO: ***************************Cleanse Function*************************
06/08/2021 03:22:55 PM: INFO: ***************************Cleanse Arithmatic Function *************************
06/08/2021 03:23:21 PM: INFO: ***************************Cleanse Arithmatic Divide *************************
06/08/2021 03:23:47 PM: INFO: ***************************Cleanse Arithmatic Modulus Validation *************************
06/08/2021 03:23:47 PM: INFO: ***************************Cleanse Arithmatic Modulus Passed *************************
06/08/2021 03:23:47 PM: INFO: ***************************Cleanse Arithmatic Modulus Passed *************************
06/08/2021 03:23:47 PM: INFO: ***************************Cleanse Arithmatic Modulus Passed *************************
06/08/2021 03:23:47 PM: INFO: ***************************Cleanse Arithmatic Modulus Passed *************************
06/08/2021 03:23:47 PM: INFO: ***************************Cleanse Arithmatic Modulus Passed *************************
06/08/2021 03:23:48 PM: INFO: ***************************Cleanse Arithmatic Modulus Passed *************************
06/08/2021 03:23:48 PM: INFO: ***************************Cleanse Arithmatic Modulus Passed *************************
06/08/2021 03:23:48 PM: INFO: ***************************Cleanse Arithmatic Modulus Passed *************************
06/08/2021 03:23:48 PM: INFO: ***************************Cleanse Arithmatic Modulus Passed *************************
06/08/2021 03:23:48 PM: INFO: ***************************Cleanse Arithmatic Modulus Passed *************************
06/08/2021 03:23:48 PM: INFO: ***************************Cleanse Arithmatic Modulus Passed *************************
06/08/2021 03:23:48 PM: INFO: ***************************Cleanse Arithmatic Modulus Passed *************************
06/08/2021 03:23:48 PM: INFO: ***************************Cleanse Arithmatic Modulus Passed *************************
06/08/2021 03:23:48 PM: INFO: ***************************Cleanse Arithmatic Modulus Passed *************************
06/08/2021 03:23:49 PM: INFO: ***************************Cleanse Arithmatic Modulus Passed *************************
06/08/2021 03:23:49 PM: INFO: ***************************Cleanse Arithmatic Modulus Passed *************************
06/08/2021 03:23:49 PM: INFO: ***************************Cleanse Arithmatic Modulus Passed *************************
06/08/2021 03:23:49 PM: INFO: ***************************Cleanse Arithmatic Modulus Passed *************************
06/08/2021 03:23:49 PM: INFO: ***************************Cleanse Arithmatic Modulus Passed *************************
06/08/2021 03:23:49 PM: INFO: ***************************Cleanse Arithmatic Modulus Passed *************************
06/08/2021 03:28:37 PM: INFO: ***************************Test_004_CleanseINTCOlumn*************************
06/08/2021 03:29:25 PM: INFO: ***************************Cleanse Function*************************
06/08/2021 03:29:48 PM: INFO: ***************************Cleanse Arithmatic Function *************************
06/08/2021 03:30:14 PM: INFO: ***************************Cleanse Arithmatic Modulus *************************
06/08/2021 03:30:41 PM: INFO: ***************************Cleanse Arithmatic Modulus Validation *************************
06/08/2021 03:30:41 PM: INFO: ***************************Cleanse Arithmatic Modulus Passed *************************
06/08/2021 03:30:41 PM: INFO: ***************************Cleanse Arithmatic Modulus Passed *************************
06/08/2021 03:30:41 PM: INFO: ***************************Cleanse Arithmatic Modulus Passed *************************
06/08/2021 03:30:41 PM: INFO: ***************************Cleanse Arithmatic Modulus Passed *************************
06/08/2021 03:30:42 PM: INFO: ***************************Cleanse Arithmatic Modulus Passed *************************
06/08/2021 03:30:42 PM: INFO: ***************************Cleanse Arithmatic Modulus Passed *************************
06/08/2021 03:30:42 PM: INFO: ***************************Cleanse Arithmatic Modulus Passed *************************
06/08/2021 03:30:42 PM: INFO: ***************************Cleanse Arithmatic Modulus Passed *************************
06/08/2021 03:30:42 PM: INFO: ***************************Cleanse Arithmatic Modulus Passed *************************
06/08/2021 03:30:42 PM: INFO: ***************************Cleanse Arithmatic Modulus Passed *************************
06/08/2021 03:30:42 PM: INFO: ***************************Cleanse Arithmatic Modulus Passed *************************
06/08/2021 03:30:42 PM: INFO: ***************************Cleanse Arithmatic Modulus Passed *************************
06/08/2021 03:30:43 PM: INFO: ***************************Cleanse Arithmatic Modulus Passed *************************
06/08/2021 03:30:43 PM: INFO: ***************************Cleanse Arithmatic Modulus Passed *************************
06/08/2021 03:30:43 PM: INFO: ***************************Cleanse Arithmatic Modulus Passed *************************
06/08/2021 03:30:43 PM: INFO: ***************************Cleanse Arithmatic Modulus Passed *************************
06/08/2021 03:30:43 PM: INFO: ***************************Cleanse Arithmatic Modulus Passed *************************
06/08/2021 03:30:43 PM: INFO: ***************************Cleanse Arithmatic Modulus Passed *************************
06/08/2021 03:30:43 PM: INFO: ***************************Cleanse Arithmatic Modulus Passed *************************
06/08/2021 03:30:43 PM: INFO: ***************************Cleanse Arithmatic Modulus Passed *************************
06/08/2021 03:30:49 PM: INFO: ***********************FormQuery Function Copy****************
06/08/2021 03:31:01 PM: INFO: ***********************FormQuery Validation****************
06/08/2021 03:31:01 PM: INFO: ***********************Cleanse Function ****************
06/08/2021 03:31:29 PM: INFO: ***************************Arithmatic Cleanse Validation *************************
06/08/2021 03:31:45 PM: INFO: ***************************Mod Arithmatic Cleanse Passed *************************
06/08/2021 03:38:33 PM: INFO: ***************************Test_004_CleanseINTColumn*************************
06/08/2021 03:39:20 PM: INFO: ***************************Cleanse Function*************************
06/08/2021 03:39:59 PM: INFO: ***************************Cleanse CONCAT Function *************************
06/08/2021 03:40:30 PM: INFO: ***************************Cleanse ConCat Validation*************************
06/08/2021 03:40:31 PM: INFO: ***************************Cleanse Arithmatic Division Passed *************************
06/08/2021 03:40:31 PM: INFO: ***************************Cleanse Arithmatic Division Passed *************************
06/08/2021 03:40:31 PM: INFO: ***************************Cleanse Arithmatic Division Passed *************************
06/08/2021 03:40:31 PM: INFO: ***************************Cleanse Arithmatic Division Passed *************************
06/08/2021 03:40:31 PM: INFO: ***************************Cleanse Arithmatic Division Passed *************************
06/08/2021 03:40:31 PM: INFO: ***************************Cleanse Arithmatic Division Passed *************************
06/08/2021 03:40:31 PM: INFO: ***************************Cleanse Arithmatic Division Passed *************************
06/08/2021 03:40:31 PM: INFO: ***************************Cleanse Arithmatic Division Passed *************************
06/08/2021 03:40:32 PM: INFO: ***************************Cleanse Arithmatic Division Passed *************************
06/08/2021 03:40:32 PM: INFO: ***************************Cleanse Arithmatic Division Passed *************************
06/08/2021 03:40:32 PM: INFO: ***************************Cleanse Arithmatic Division Passed *************************
06/08/2021 03:40:32 PM: INFO: ***************************Cleanse Arithmatic Division Passed *************************
06/08/2021 03:40:32 PM: INFO: ***************************Cleanse Arithmatic Division Passed *************************
06/08/2021 03:40:32 PM: INFO: ***************************Cleanse Arithmatic Division Passed *************************
06/08/2021 03:40:32 PM: INFO: ***************************Cleanse Arithmatic Division Passed *************************
06/08/2021 03:40:33 PM: INFO: ***************************Cleanse Arithmatic Division Passed *************************
06/08/2021 03:40:33 PM: INFO: ***************************Cleanse Arithmatic Division Passed *************************
06/08/2021 03:40:33 PM: INFO: ***************************Cleanse Arithmatic Division Passed *************************
06/08/2021 03:40:33 PM: INFO: ***************************Cleanse Arithmatic Division Passed *************************
06/08/2021 03:40:33 PM: INFO: ***************************Cleanse Arithmatic Division Passed *************************
06/08/2021 04:17:43 PM: INFO: ***************************Test_004_Cleanse*************************
06/08/2021 04:24:42 PM: INFO: ***************************Test_004_Cleanse*************************
06/08/2021 04:25:47 PM: INFO: ***************************Cleanse Function*************************
06/08/2021 04:26:05 PM: INFO: ***************************Cleanse CONVERT *************************
06/08/2021 04:26:36 PM: INFO: ***********************Cleanse Convert BIGINT Function****************
06/08/2021 04:27:03 PM: INFO: ***************************Cleanse Convert Validation *************************
06/08/2021 04:29:44 PM: INFO: ***************************Test_004_Cleanse*************************
06/08/2021 04:31:16 PM: INFO: ***************************Cleanse Function*************************
06/08/2021 04:33:04 PM: INFO: ***************************Test_004_Cleanse*************************
06/08/2021 04:34:20 PM: INFO: ***************************Cleanse Function*************************
06/08/2021 04:34:39 PM: INFO: ***************************Cleanse CONVERT *************************
06/08/2021 04:35:10 PM: INFO: ***********************Cleanse Convert BIGINT Function****************
06/08/2021 04:35:37 PM: INFO: ***************************Cleanse Convert Validation *************************
06/08/2021 04:35:37 PM: INFO: ***************************Cleanse Arithmatic Modulus Passed *************************
06/08/2021 04:35:37 PM: INFO: ***************************Cleanse Arithmatic Modulus Passed *************************
06/08/2021 04:35:37 PM: INFO: ***************************Cleanse Arithmatic Modulus Passed *************************
06/08/2021 04:35:37 PM: INFO: ***************************Cleanse Arithmatic Modulus Passed *************************
06/08/2021 04:35:37 PM: INFO: ***************************Cleanse Arithmatic Modulus Passed *************************
06/08/2021 04:35:38 PM: INFO: ***************************Cleanse Arithmatic Modulus Passed *************************
06/08/2021 04:35:38 PM: INFO: ***************************Cleanse Arithmatic Modulus Passed *************************
06/08/2021 04:35:38 PM: INFO: ***************************Cleanse Arithmatic Modulus Passed *************************
06/08/2021 04:35:38 PM: INFO: ***************************Cleanse Arithmatic Modulus Passed *************************
06/08/2021 04:35:38 PM: INFO: ***************************Cleanse Arithmatic Modulus Passed *************************
06/08/2021 04:35:38 PM: INFO: ***************************Cleanse Arithmatic Modulus Passed *************************
06/08/2021 04:35:38 PM: INFO: ***************************Cleanse Arithmatic Modulus Passed *************************
06/08/2021 04:35:38 PM: INFO: ***************************Cleanse Arithmatic Modulus Passed *************************
06/08/2021 04:35:38 PM: INFO: ***************************Cleanse Arithmatic Modulus Passed *************************
06/08/2021 04:35:38 PM: INFO: ***************************Cleanse Arithmatic Modulus Passed *************************
06/08/2021 04:35:39 PM: INFO: ***************************Cleanse Arithmatic Modulus Passed *************************
06/08/2021 04:35:39 PM: INFO: ***************************Cleanse Arithmatic Modulus Passed *************************
06/08/2021 04:35:39 PM: INFO: ***************************Cleanse Arithmatic Modulus Passed *************************
06/08/2021 04:35:39 PM: INFO: ***************************Cleanse Arithmatic Modulus Passed *************************
06/08/2021 04:35:39 PM: INFO: ***************************Cleanse Arithmatic Modulus Passed *************************
06/08/2021 04:47:07 PM: INFO: ***************************Test_004_CleanseINTColumn*************************
06/08/2021 04:48:42 PM: INFO: ***************************Cleanse Function*************************
06/08/2021 04:49:01 PM: INFO: ***************************Cleanse CONVERT *************************
06/08/2021 04:49:27 PM: INFO: ***********************Cleanse Convert BIT Function****************
06/08/2021 04:49:53 PM: INFO: ***************************Cleanse BIGINT  Validation *************************
06/08/2021 04:49:54 PM: INFO: ***************************BIGINT Passed *************************
06/08/2021 04:49:54 PM: INFO: ***************************BIGINT Passed *************************
06/08/2021 04:49:54 PM: INFO: ***************************BIGINT Passed *************************
06/08/2021 04:49:54 PM: INFO: ***************************BIGINT Passed *************************
06/08/2021 04:49:54 PM: INFO: ***************************BIGINT Passed *************************
06/08/2021 04:49:54 PM: INFO: ***************************BIGINT Passed *************************
06/08/2021 04:49:54 PM: INFO: ***************************BIGINT Passed *************************
06/08/2021 04:49:54 PM: INFO: ***************************BIGINT Passed *************************
06/08/2021 04:49:54 PM: INFO: ***************************BIGINT Passed *************************
06/08/2021 04:49:55 PM: INFO: ***************************BIGINT Passed *************************
06/08/2021 04:49:55 PM: INFO: ***************************BIGINT Passed *************************
06/08/2021 04:49:55 PM: INFO: ***************************BIGINT Passed *************************
06/08/2021 04:49:55 PM: INFO: ***************************BIGINT Passed *************************
06/08/2021 04:49:55 PM: INFO: ***************************BIGINT Passed *************************
06/08/2021 04:49:55 PM: INFO: ***************************BIGINT Passed *************************
06/08/2021 04:49:55 PM: INFO: ***************************BIGINT Passed *************************
06/08/2021 04:49:55 PM: INFO: ***************************BIGINT Passed *************************
06/08/2021 04:49:55 PM: INFO: ***************************BIGINT Passed *************************
06/08/2021 04:49:55 PM: INFO: ***************************BIGINT Passed *************************
06/08/2021 04:49:56 PM: INFO: ***************************BIGINT Passed *************************
06/08/2021 04:50:01 PM: INFO: ***********************FormQuery Function Copy****************
06/08/2021 04:50:13 PM: INFO: ***********************FormQuery Validation****************
06/08/2021 04:50:13 PM: INFO: ***********************Cleanse Convert Function ****************
06/08/2021 04:50:41 PM: INFO: ***************************Convert Cleanse Validation *************************
06/08/2021 04:50:56 PM: INFO: ***************************Convert BIGINT Cleanse Passed *************************
06/08/2021 05:06:22 PM: INFO: ***************************Test_004_CleanseINTColumn*************************
06/08/2021 05:07:56 PM: INFO: ***************************Test_004_CleanseINTColumn*************************
06/08/2021 05:09:13 PM: INFO: ***************************Cleanse Function*************************
06/08/2021 05:55:18 PM: INFO: ***************************Test_004_CleanseINTColumn*************************
06/08/2021 05:56:45 PM: INFO: ***************************Cleanse Function*************************
06/08/2021 05:57:04 PM: INFO: ***************************Cleanse CONVERT *************************
06/08/2021 05:58:49 PM: INFO: ***************************Test_004_CleanseINTColumn*************************
06/08/2021 06:11:32 PM: INFO: ***************************Test_004_CleanseINTColumn*************************
06/08/2021 06:12:20 PM: INFO: ***************************Cleanse Function*************************
06/08/2021 06:12:38 PM: INFO: ***************************Cleanse CONVERT *************************
06/08/2021 06:13:05 PM: INFO: ***********************Cleanse Convert BIT Function****************
06/08/2021 06:16:02 PM: INFO: ***************************Test_004_CleanseINTColumn*************************
06/08/2021 06:17:02 PM: INFO: ***************************Cleanse Function*************************
06/08/2021 06:17:20 PM: INFO: ***************************Cleanse CONVERT *************************
06/08/2021 06:17:47 PM: INFO: ***********************Cleanse Convert BIT Function****************
06/08/2021 06:26:50 PM: INFO: ***************************Test_004_CleanseINTColumn*************************
06/08/2021 06:27:36 PM: INFO: ***************************Cleanse Function*************************
06/08/2021 06:27:55 PM: INFO: ***************************Cleanse CONVERT *************************
06/08/2021 06:28:22 PM: INFO: ***********************Cleanse Convert NVARCHAR Function****************
06/08/2021 06:28:49 PM: INFO: ***************************Cleanse NVARCHAR  Validation *************************
06/08/2021 06:28:49 PM: INFO: ***************************NVARCHAR Passed *************************
06/08/2021 06:28:49 PM: INFO: ***************************NVARCHAR Passed *************************
06/08/2021 06:28:49 PM: INFO: ***************************NVARCHAR Passed *************************
06/08/2021 06:28:49 PM: INFO: ***************************NVARCHAR Passed *************************
06/08/2021 06:28:49 PM: INFO: ***************************NVARCHAR Passed *************************
06/08/2021 06:28:50 PM: INFO: ***************************NVARCHAR Passed *************************
06/08/2021 06:28:50 PM: INFO: ***************************NVARCHAR Passed *************************
06/08/2021 06:28:50 PM: INFO: ***************************NVARCHAR Passed *************************
06/08/2021 06:28:50 PM: INFO: ***************************NVARCHAR Passed *************************
06/08/2021 06:28:50 PM: INFO: ***************************NVARCHAR Passed *************************
06/08/2021 06:28:50 PM: INFO: ***************************NVARCHAR Passed *************************
06/08/2021 06:28:50 PM: INFO: ***************************NVARCHAR Passed *************************
06/08/2021 06:28:50 PM: INFO: ***************************NVARCHAR Passed *************************
06/08/2021 06:28:51 PM: INFO: ***************************NVARCHAR Passed *************************
06/08/2021 06:28:51 PM: INFO: ***************************NVARCHAR Passed *************************
06/08/2021 06:28:51 PM: INFO: ***************************NVARCHAR Passed *************************
06/08/2021 06:28:51 PM: INFO: ***************************NVARCHAR Passed *************************
06/08/2021 06:28:51 PM: INFO: ***************************NVARCHAR Passed *************************
06/08/2021 06:28:51 PM: INFO: ***************************NVARCHAR Passed *************************
06/08/2021 06:28:51 PM: INFO: ***************************NVARCHAR Passed *************************
06/08/2021 06:28:56 PM: INFO: ***********************FormQuery Function Copy****************
06/08/2021 06:29:09 PM: INFO: ***********************FormQuery Validation****************
06/08/2021 06:29:09 PM: INFO: ***********************Cleanse Convert Function ****************
06/08/2021 06:29:37 PM: INFO: ***************************Convert Cleanse Validation *************************
06/08/2021 06:29:54 PM: INFO: ***************************Convert NVARCHAR Cleanse Passed *************************
06/08/2021 07:06:44 PM: INFO: ***************************Test_002_Ingest*************************
06/08/2021 07:06:56 PM: INFO: ***************************Test_002_Ingest*************************
06/08/2021 07:07:48 PM: INFO: ***************************TXT File Ingest  *************************
06/08/2021 07:07:55 PM: INFO: ***************************Test_002_Ingest*************************
06/08/2021 07:08:43 PM: INFO: ***************************Existing File Ingestion *************************
06/08/2021 07:08:51 PM: INFO: ***************************Test_002_Ingest*************************
06/08/2021 07:09:13 PM: INFO: ***************************Test_002_Ingest*************************
06/08/2021 07:09:25 PM: INFO: ***************************Test_002_Ingest*************************
06/08/2021 07:09:55 PM: INFO: ***************************Test_002_Ingest*************************
06/08/2021 07:10:41 PM: INFO: ***************************Test_002_Ingest*************************
06/08/2021 07:11:04 PM: INFO: ***************************Test_002_Ingest*************************
06/08/2021 07:11:08 PM: INFO: ***************************Test_002_Ingest*************************
06/08/2021 07:11:21 PM: INFO: ***************************Test_002_Ingest*************************
